uvicorn main:app --reload --port 8000
INFO:     Will watch for changes in these directories: ['C:\\Users\\d\\Desktop\\internships\\securigeek\\api']
INFO:     Uvicorn running on http://127.0.0.1:8000 (Press CTRL+C to quit)
INFO:     Started reloader process [3948] using WatchFiles
INFO:     Started server process [28776]
INFO:     Waiting for application startup.
INFO:     Application startup complete.
INFO:     127.0.0.1:54676 - "GET /assignees HTTP/1.1" 404 Not Found
INFO:     127.0.0.1:64459 - "GET /assignees/available HTTP/1.1" 404 Not Found
INFO:     127.0.0.1:54676 - "GET /assignees HTTP/1.1" 404 Not Found
INFO:     127.0.0.1:64459 - "GET /assignees/available HTTP/1.1" 404 Not Found 
INFO:     127.0.0.1:60785 - "GET /issues?sort_by=created_at&order=desc&page=1&pageSize=5 HTTP/1.1" 200 OK
INFO:     127.0.0.1:60785 - "GET /issues?sort_by=created_at&order=desc&page=1&pageSize=5 HTTP/1.1" 200 OK
INFO:     127.0.0.1:53160 - "OPTIONS /issues HTTP/1.1" 200 OK
INFO:     127.0.0.1:53160 - "POST /issues HTTP/1.1" 500 Internal Server Error
ERROR:    Exception in ASGI application
Traceback (most recent call last):
  File "C:\Users\d\AppData\Local\Programs\Python\Python310\lib\site-packages\mysql\connector\connection_cext.py", line 705, in cmd_query
    self._cmysql.query(
_mysql_connector.MySQLInterfaceError: Data truncated for column 'issue_status' at row 1

The above exception was the direct cause of the following exception:

Traceback (most recent call last):
  File "C:\Users\d\AppData\Local\Programs\Python\Python310\lib\site-packages\uvicorn\protocols\http\httptools_impl.py", line 399, in run_asgi
    result = await app(  # type: ignore[func-returns-value]
  File "C:\Users\d\AppData\Local\Programs\Python\Python310\lib\site-packages\uvicorn\middleware\proxy_headers.py", line 70, in __call__
    return await self.app(scope, receive, send)
  File "C:\Users\d\AppData\Local\Programs\Python\Python310\lib\site-packages\fastapi\applications.py", line 1054, in __call__
    await super().__call__(scope, receive, send)
  File "C:\Users\d\AppData\Local\Programs\Python\Python310\lib\site-packages\starlette\applications.py", line 113, in __call__
    await self.middleware_stack(scope, receive, send)
  File "C:\Users\d\AppData\Local\Programs\Python\Python310\lib\site-packages\starlette\middleware\errors.py", line 187, in __call__
    raise exc
  File "C:\Users\d\AppData\Local\Programs\Python\Python310\lib\site-packages\starlette\middleware\errors.py", line 165, in __call__
    await self.app(scope, receive, _send)
  File "C:\Users\d\AppData\Local\Programs\Python\Python310\lib\site-packages\starlette\middleware\cors.py", line 93, in __call__
    await self.simple_response(scope, receive, send, request_headers=headers) 
  File "C:\Users\d\AppData\Local\Programs\Python\Python310\lib\site-packages\starlette\middleware\cors.py", line 144, in simple_response
    await self.app(scope, receive, send)
  File "C:\Users\d\AppData\Local\Programs\Python\Python310\lib\site-packages\starlette\middleware\exceptions.py", line 62, in __call__
    await wrap_app_handling_exceptions(self.app, conn)(scope, receive, send)  
  File "C:\Users\d\AppData\Local\Programs\Python\Python310\lib\site-packages\starlette\_exception_handler.py", line 62, in wrapped_app
    raise exc
  File "C:\Users\d\AppData\Local\Programs\Python\Python310\lib\site-packages\starlette\_exception_handler.py", line 51, in wrapped_app
    await app(scope, receive, sender)
  File "C:\Users\d\AppData\Local\Programs\Python\Python310\lib\site-packages\starlette\routing.py", line 715, in __call__
    await self.middleware_stack(scope, receive, send)
  File "C:\Users\d\AppData\Local\Programs\Python\Python310\lib\site-packages\starlette\routing.py", line 735, in app
    await route.handle(scope, receive, send)
  File "C:\Users\d\AppData\Local\Programs\Python\Python310\lib\site-packages\starlette\routing.py", line 288, in handle
    await self.app(scope, receive, send)
  File "C:\Users\d\AppData\Local\Programs\Python\Python310\lib\site-packages\starlette\routing.py", line 76, in app
    await wrap_app_handling_exceptions(app, request)(scope, receive, send)    
  File "C:\Users\d\AppData\Local\Programs\Python\Python310\lib\site-packages\starlette\_exception_handler.py", line 62, in wrapped_app
    raise exc
  File "C:\Users\d\AppData\Local\Programs\Python\Python310\lib\site-packages\starlette\_exception_handler.py", line 51, in wrapped_app
    await app(scope, receive, sender)
  File "C:\Users\d\AppData\Local\Programs\Python\Python310\lib\site-packages\starlette\routing.py", line 73, in app
    response = await f(request)
  File "C:\Users\d\AppData\Local\Programs\Python\Python310\lib\site-packages\fastapi\routing.py", line 301, in app
    raw_response = await run_endpoint_function(
  File "C:\Users\d\AppData\Local\Programs\Python\Python310\lib\site-packages\fastapi\routing.py", line 214, in run_endpoint_function
    return await run_in_threadpool(dependant.call, **values)
  File "C:\Users\d\AppData\Local\Programs\Python\Python310\lib\site-packages\starlette\concurrency.py", line 39, in run_in_threadpool
    return await anyio.to_thread.run_sync(func, *args)
  File "C:\Users\d\AppData\Local\Programs\Python\Python310\lib\site-packages\anyio\to_thread.py", line 33, in run_sync
    return await get_asynclib().run_sync_in_worker_thread(
  File "C:\Users\d\AppData\Local\Programs\Python\Python310\lib\site-packages\anyio\_backends\_asyncio.py", line 877, in run_sync_in_worker_thread       
    return await future
  File "C:\Users\d\AppData\Local\Programs\Python\Python310\lib\site-packages\anyio\_backends\_asyncio.py", line 807, in run
    result = context.run(func, *args)
  File "C:\Users\d\Desktop\internships\securigeek\api\main.py", line 217, in create_new_issue
    cursor.execute(
  File "C:\Users\d\AppData\Local\Programs\Python\Python310\lib\site-packages\mysql\connector\cursor_cext.py", line 357, in execute
    result = self._connection.cmd_query(
  File "C:\Users\d\AppData\Local\Programs\Python\Python310\lib\site-packages\mysql\connector\opentelemetry\context_propagation.py", line 106, in wrapper
    result = method(cnx, *args, **kwargs)
  File "C:\Users\d\AppData\Local\Programs\Python\Python310\lib\site-packages\mysql\connector\connection_cext.py", line 713, in cmd_query
    raise get_mysql_exception(
mysql.connector.errors.DatabaseError: 1265 (01000): Data truncated for column 'issue_status' at row 1
